<?xml version="1.0" encoding="UTF-8"?>
<testng-results ignored="0" total="1" passed="1" failed="0" skipped="0">
  <reporter-output>
  </reporter-output>
  <suite started-at="2024-11-13T11:24:55 SAST" name="Default suite" finished-at="2024-11-13T11:25:39 SAST" duration-ms="43671">
    <groups>
      <group name="cucumber">
        <method signature="AbstractTestNGCucumberTests.runScenario(io.cucumber.testng.PickleWrapper,io.cucumber.testng.FeatureWrapper)[pri:0, instance:TestRunner.Test_Runner@66982506]" name="runScenario" class="io.cucumber.testng.AbstractTestNGCucumberTests"/>
      </group> <!-- cucumber -->
    </groups>
    <test started-at="2024-11-13T11:24:55 SAST" name="Default test" finished-at="2024-11-13T11:25:39 SAST" duration-ms="43671">
      <class name="TestRunner.Test_Runner">
        <test-method is-config="true" signature="setUpClass(org.testng.ITestContext)[pri:0, instance:TestRunner.Test_Runner@66982506]" started-at="2024-11-13T11:24:55 SAST" name="setUpClass" finished-at="2024-11-13T11:24:56 SAST" duration-ms="591" status="PASS">
          <params>
            <param index="0">
              <value>
                <![CDATA[org.testng.TestRunner@1894e40d]]>
              </value>
            </param>
          </params>
          <reporter-output>
          </reporter-output>
        </test-method> <!-- setUpClass -->
        <test-method signature="runScenario(io.cucumber.testng.PickleWrapper,io.cucumber.testng.FeatureWrapper)[pri:0, instance:TestRunner.Test_Runner@66982506]" started-at="2024-11-13T11:24:56 SAST" name="runScenario" description="Runs Cucumber Scenarios" data-provider="scenarios" finished-at="2024-11-13T11:25:39 SAST" duration-ms="42995" status="PASS">
          <params>
            <param index="0">
              <value>
                <![CDATA["New User signUp with Name and Email"]]>
              </value>
            </param>
            <param index="1">
              <value>
                <![CDATA["Login with valid credentials"]]>
              </value>
            </param>
          </params>
          <reporter-output>
          </reporter-output>
        </test-method> <!-- runScenario -->
        <test-method is-config="true" signature="tearDownClass()[pri:0, instance:TestRunner.Test_Runner@66982506]" started-at="2024-11-13T11:25:39 SAST" name="tearDownClass" finished-at="2024-11-13T11:25:39 SAST" duration-ms="33" status="PASS">
          <reporter-output>
          </reporter-output>
        </test-method> <!-- tearDownClass -->
      </class> <!-- TestRunner.Test_Runner -->
    </test> <!-- Default test -->
  </suite> <!-- Default suite -->
</testng-results>
